<?xml version="1.0" encoding="UTF-8"?>
<!-- Generated by org.testng.reporters.JUnitXMLReporter -->
<testsuite ignored="0" hostname="Bhagyashri" failures="0" tests="4" name="Test" time="0.114" errors="0" timestamp="2022-05-30T22:49:45 IST">
  <testcase classname="com.SauceDemo1.TestClasses.TestBaseClass" name="@BeforeMethod setUP" time="-1.653931185298E9">
    <failure type="org.testng.TestNGException" message="
Can inject only one of &amp;lt;ITestContext, XmlTest, Method, Object[], ITestResult&amp;gt; into a @BeforeMethod annotated setUP.
For more information on native dependency injection please refer to https://testng.org/doc/documentation-main.html#native-dependency-injection">
      <![CDATA[org.testng.TestNGException: 
Can inject only one of <ITestContext, XmlTest, Method, Object[], ITestResult> into a @BeforeMethod annotated setUP.
For more information on native dependency injection please refer to https://testng.org/doc/documentation-main.html#native-dependency-injection
at java.base/java.util.ArrayList.forEach(ArrayList.java:1511)
... Removed 28 stack frames]]>
    </failure>
  </testcase> <!-- @BeforeMethod setUP -->
  <testcase classname="com.SauceDemo1.TestClasses.TestBaseClass" name="@AfterMethod tearDown" time="-1.65393118532E9">
    <skipped/>
  </testcase> <!-- @AfterMethod tearDown -->
  <testcase classname="com.SauceDemo1.TestClasses.TestBaseClass" name="@BeforeMethod setUP" time="-1.653931185327E9">
    <failure type="org.testng.TestNGException" message="
Can inject only one of &amp;lt;ITestContext, XmlTest, Method, Object[], ITestResult&amp;gt; into a @BeforeMethod annotated setUP.
For more information on native dependency injection please refer to https://testng.org/doc/documentation-main.html#native-dependency-injection">
      <![CDATA[org.testng.TestNGException: 
Can inject only one of <ITestContext, XmlTest, Method, Object[], ITestResult> into a @BeforeMethod annotated setUP.
For more information on native dependency injection please refer to https://testng.org/doc/documentation-main.html#native-dependency-injection
at java.base/java.util.ArrayList.forEach(ArrayList.java:1511)
... Removed 28 stack frames]]>
    </failure>
  </testcase> <!-- @BeforeMethod setUP -->
  <testcase classname="com.SauceDemo1.TestClasses.TestBaseClass" name="@AfterMethod tearDown" time="-1.653931185336E9">
    <skipped/>
  </testcase> <!-- @AfterMethod tearDown -->
  <testcase classname="com.SauceDemo1.TestClasses.TestBaseClass" name="@BeforeMethod setUP" time="-1.653931185339E9">
    <failure type="org.testng.TestNGException" message="
Can inject only one of &amp;lt;ITestContext, XmlTest, Method, Object[], ITestResult&amp;gt; into a @BeforeMethod annotated setUP.
For more information on native dependency injection please refer to https://testng.org/doc/documentation-main.html#native-dependency-injection">
      <![CDATA[org.testng.TestNGException: 
Can inject only one of <ITestContext, XmlTest, Method, Object[], ITestResult> into a @BeforeMethod annotated setUP.
For more information on native dependency injection please refer to https://testng.org/doc/documentation-main.html#native-dependency-injection
at java.base/java.util.ArrayList.forEach(ArrayList.java:1511)
... Removed 28 stack frames]]>
    </failure>
  </testcase> <!-- @BeforeMethod setUP -->
  <testcase classname="com.SauceDemo1.TestClasses.TestBaseClass" name="@AfterMethod tearDown" time="-1.653931185345E9">
    <skipped/>
  </testcase> <!-- @AfterMethod tearDown -->
  <testcase classname="com.SauceDemo1.TestClasses.TestBaseClass" name="@BeforeMethod setUP" time="-1.653931185347E9">
    <failure type="org.testng.TestNGException" message="
Can inject only one of &amp;lt;ITestContext, XmlTest, Method, Object[], ITestResult&amp;gt; into a @BeforeMethod annotated setUP.
For more information on native dependency injection please refer to https://testng.org/doc/documentation-main.html#native-dependency-injection">
      <![CDATA[org.testng.TestNGException: 
Can inject only one of <ITestContext, XmlTest, Method, Object[], ITestResult> into a @BeforeMethod annotated setUP.
For more information on native dependency injection please refer to https://testng.org/doc/documentation-main.html#native-dependency-injection
at java.base/java.util.ArrayList.forEach(ArrayList.java:1511)
... Removed 28 stack frames]]>
    </failure>
  </testcase> <!-- @BeforeMethod setUP -->
  <testcase classname="com.SauceDemo1.TestClasses.TestBaseClass" name="@AfterMethod tearDown" time="-1.653931185354E9">
    <skipped/>
  </testcase> <!-- @AfterMethod tearDown -->
  <testcase classname="com.SauceDemo1.TestClasses.TC01LoginFunctionalityTestClass" name="LoginPagetest" time="0.0">
    <skipped/>
  </testcase> <!-- LoginPagetest -->
  <testcase classname="com.SauceDemo1.TestClasses.TC03SingleProductAddTOcarFunctionalityTestclass" name="SingleProductAddTOcart" time="0.0">
    <skipped/>
  </testcase> <!-- SingleProductAddTOcart -->
  <testcase classname="com.SauceDemo1.TestClasses.TC02LogoutFunctionalityTestClass" name="logOutFunctionality" time="0.0">
    <skipped/>
  </testcase> <!-- logOutFunctionality -->
  <testcase classname="com.SauceDemo1.TestClasses.TC04MultipleProductAddToCartFunctionality" name="MultipleProductAddTOcart" time="0.0">
    <skipped/>
  </testcase> <!-- MultipleProductAddTOcart -->
</testsuite> <!-- Test -->
